---
  0 debug pnpm:scope: 
    selected: 1
    workspacePrefix: null
  1 info pnpm: 
    message: "A store server is running. All store manipulations are delegated to it."
    prefix: "/app"
  2 debug pnpm:package-json: 
    initial: 
      name: "hello-express"
      version: "0.0.1"
      description: "CodeWork v12 Boş Altyapı"
      main: "bot.js"
      scripts: 
        start: "node bot.js"
      dependencies: 
        express: "^4.17.1"
        discord.js: "^12.2.0"
        ms: "^2.1.2"
        fs: "^0.0.2"
        request: "^2.88.2"
        quick.db: "^7.1.2"
        moment: "^2.29.1"
        moment-duration-format: "^2.3.2"
      engines: 
        node: "12.x"
      repository: 
        url: "https://glitch.com/edit/#!/hello-express"
      license: "MIT"
      keywords: 
        - "node"
        - "glitch"
        - "express"
      gitHead: "aa1726217900e76456c7f0b3c6452c641ecbbc3d"
      readme: "ERROR: No README data found!"
      _id: "hello-express@0.0.1"
    prefix: "/app"
  3 info pnpm: 
    message: "Performing headless installation"
    prefix: "/app"
  4 debug pnpm:stats: 
    prefix: "/app"
    removed: 0
  5 debug pnpm:stage: 
    prefix: "/app"
    stage: "importing_started"
  6 debug pnpm:stats: 
    added: 0
    prefix: "/app"
  7 debug pnpm:stage: 
    prefix: "/app"
    stage: "importing_done"
  8 debug pnpm:link: 
    target: "/rbd/pnpm-volume/32778d15-3c7e-42d2-9eee-e159edf5f511/node_modules/.registry.npmjs.org/@discordjs/collection/0.1.5/node_modules/@discordjs/collection"
    link: "/rbd/pnpm-volume/32778d15-3c7e-42d2-9eee-e159edf5f511/node_modules/@discordjs/collection"
  9 debug pnpm:link: 
    target: "/rbd/pnpm-volume/32778d15-3c7e-42d2-9eee-e159edf5f511/node_modules/.registry.npmjs.org/@discordjs/form-data/3.0.1/node_modules/@discordjs/form-data"
    link: "/rbd/pnpm-volume/32778d15-3c7e-42d2-9eee-e159edf5f511/node_modules/@discordjs/form-data"
  10 debug pnpm:link: 
    target: "/rbd/pnpm-volume/32778d15-3c7e-42d2-9eee-e159edf5f511/node_modules/.registry.npmjs.org/abort-controller/3.0.0/node_modules/abort-controller"
    link: "/rbd/pnpm-volume/32778d15-3c7e-42d2-9eee-e159edf5f511/node_modules/abort-controller"
  11 debug pnpm:link: 
    target: "/rbd/pnpm-volume/32778d15-3c7e-42d2-9eee-e159edf5f511/node_modules/.registry.npmjs.org/accepts/1.3.7/node_modules/accepts"
    link: "/rbd/pnpm-volume/32778d15-3c7e-42d2-9eee-e159edf5f511/node_modules/accepts"
  12 debug pnpm:link: 
    target: "/rbd/pnpm-volume/32778d15-3c7e-42d2-9eee-e159edf5f511/node_modules/.registry.npmjs.org/array-flatten/1.1.1/node_modules/array-flatten"
    link: "/rbd/pnpm-volume/32778d15-3c7e-42d2-9eee-e159edf5f511/node_modules/array-flatten"
  13 debug pnpm:link: 
    target: "/rbd/pnpm-volume/32778d15-3c7e-42d2-9eee-e159edf5f511/node_modules/.registry.npmjs.org/aws-sign2/0.7.0/node_modules/aws-sign2"
    link: "/rbd/pnpm-volume/32778d15-3c7e-42d2-9eee-e159edf5f511/node_modules/aws-sign2"
  14 debug pnpm:link: 
    target: "/rbd/pnpm-volume/32778d15-3c7e-42d2-9eee-e159edf5f511/node_modules/.registry.npmjs.org/aws4/1.10.0/node_modules/aws4"
    link: "/rbd/pnpm-volume/32778d15-3c7e-42d2-9eee-e159edf5f511/node_modules/aws4"
  15 debug pnpm:link: 
    target: "/rbd/pnpm-volume/32778d15-3c7e-42d2-9eee-e159edf5f511/node_modules/.registry.npmjs.org/better-sqlite3/7.1.1/node_modules/better-sqlite3"
    link: "/rbd/pnpm-volume/32778d15-3c7e-42d2-9eee-e159edf5f511/node_modules/better-sqlite3"
  16 debug pnpm:link: 
    target: "/rbd/pnpm-volume/32778d15-3c7e-42d2-9eee-e159edf5f511/node_modules/.registry.npmjs.org/body-parser/1.19.0/node_modules/body-parser"
    link: "/rbd/pnpm-volume/32778d15-3c7e-42d2-9eee-e159edf5f511/node_modules/body-parser"
  17 debug pnpm:link: 
    target: "/rbd/pnpm-volume/32778d15-3c7e-42d2-9eee-e159edf5f511/node_modules/.registry.npmjs.org/caseless/0.12.0/node_modules/caseless"
    link: "/rbd/pnpm-volume/32778d15-3c7e-42d2-9eee-e159edf5f511/node_modules/caseless"
  18 debug pnpm:link: 
    target: "/rbd/pnpm-volume/32778d15-3c7e-42d2-9eee-e159edf5f511/node_modules/.registry.npmjs.org/combined-stream/1.0.8/node_modules/combined-stream"
    link: "/rbd/pnpm-volume/32778d15-3c7e-42d2-9eee-e159edf5f511/node_modules/combined-stream"
  19 debug pnpm:link: 
    target: "/rbd/pnpm-volume/32778d15-3c7e-42d2-9eee-e159edf5f511/node_modules/.registry.npmjs.org/content-disposition/0.5.3/node_modules/content-disposition"
    link: "/rbd/pnpm-volume/32778d15-3c7e-42d2-9eee-e159edf5f511/node_modules/content-disposition"
  20 debug pnpm:link: 
    target: "/rbd/pnpm-volume/32778d15-3c7e-42d2-9eee-e159edf5f511/node_modules/.registry.npmjs.org/content-type/1.0.4/node_modules/content-type"
    link: "/rbd/pnpm-volume/32778d15-3c7e-42d2-9eee-e159edf5f511/node_modules/content-type"
  21 debug pnpm:link: 
    target: "/rbd/pnpm-volume/32778d15-3c7e-42d2-9eee-e159edf5f511/node_modules/.registry.npmjs.org/cookie/0.4.0/node_modules/cookie"
    link: "/rbd/pnpm-volume/32778d15-3c7e-42d2-9eee-e159edf5f511/node_modules/cookie"
  22 debug pnpm:link: 
    target: "/rbd/pnpm-volume/32778d15-3c7e-42d2-9eee-e159edf5f511/node_modules/.registry.npmjs.org/cookie-signature/1.0.6/node_modules/cookie-signature"
    link: "/rbd/pnpm-volume/32778d15-3c7e-42d2-9eee-e159edf5f511/node_modules/cookie-signature"
  23 debug pnpm:link: 
    target: "/rbd/pnpm-volume/32778d15-3c7e-42d2-9eee-e159edf5f511/node_modules/.registry.npmjs.org/debug/2.6.9/node_modules/debug"
    link: "/rbd/pnpm-volume/32778d15-3c7e-42d2-9eee-e159edf5f511/node_modules/debug"
  24 debug pnpm:link: 
    target: "/rbd/pnpm-volume/32778d15-3c7e-42d2-9eee-e159edf5f511/node_modules/.registry.npmjs.org/depd/1.1.2/node_modules/depd"
    link: "/rbd/pnpm-volume/32778d15-3c7e-42d2-9eee-e159edf5f511/node_modules/depd"
  25 debug pnpm:link: 
    target: "/rbd/pnpm-volume/32778d15-3c7e-42d2-9eee-e159edf5f511/node_modules/.registry.npmjs.org/encodeurl/1.0.2/node_modules/encodeurl"
    link: "/rbd/pnpm-volume/32778d15-3c7e-42d2-9eee-e159edf5f511/node_modules/encodeurl"
  26 debug pnpm:link: 
    target: "/rbd/pnpm-volume/32778d15-3c7e-42d2-9eee-e159edf5f511/node_modules/.registry.npmjs.org/escape-html/1.0.3/node_modules/escape-html"
    link: "/rbd/pnpm-volume/32778d15-3c7e-42d2-9eee-e159edf5f511/node_modules/escape-html"
  27 debug pnpm:link: 
    target: "/rbd/pnpm-volume/32778d15-3c7e-42d2-9eee-e159edf5f511/node_modules/.registry.npmjs.org/etag/1.8.1/node_modules/etag"
    link: "/rbd/pnpm-volume/32778d15-3c7e-42d2-9eee-e159edf5f511/node_modules/etag"
  28 debug pnpm:link: 
    target: "/rbd/pnpm-volume/32778d15-3c7e-42d2-9eee-e159edf5f511/node_modules/.registry.npmjs.org/extend/3.0.2/node_modules/extend"
    link: "/rbd/pnpm-volume/32778d15-3c7e-42d2-9eee-e159edf5f511/node_modules/extend"
  29 debug pnpm:link: 
    target: "/rbd/pnpm-volume/32778d15-3c7e-42d2-9eee-e159edf5f511/node_modules/.registry.npmjs.org/finalhandler/1.1.2/node_modules/finalhandler"
    link: "/rbd/pnpm-volume/32778d15-3c7e-42d2-9eee-e159edf5f511/node_modules/finalhandler"
  30 debug pnpm:link: 
    target: "/rbd/pnpm-volume/32778d15-3c7e-42d2-9eee-e159edf5f511/node_modules/.registry.npmjs.org/forever-agent/0.6.1/node_modules/forever-agent"
    link: "/rbd/pnpm-volume/32778d15-3c7e-42d2-9eee-e159edf5f511/node_modules/forever-agent"
  31 debug pnpm:link: 
    target: "/rbd/pnpm-volume/32778d15-3c7e-42d2-9eee-e159edf5f511/node_modules/.registry.npmjs.org/form-data/2.3.3/node_modules/form-data"
    link: "/rbd/pnpm-volume/32778d15-3c7e-42d2-9eee-e159edf5f511/node_modules/form-data"
  32 debug pnpm:link: 
    target: "/rbd/pnpm-volume/32778d15-3c7e-42d2-9eee-e159edf5f511/node_modules/.registry.npmjs.org/fresh/0.5.2/node_modules/fresh"
    link: "/rbd/pnpm-volume/32778d15-3c7e-42d2-9eee-e159edf5f511/node_modules/fresh"
  33 debug pnpm:link: 
    target: "/rbd/pnpm-volume/32778d15-3c7e-42d2-9eee-e159edf5f511/node_modules/.registry.npmjs.org/har-validator/5.1.3/node_modules/har-validator"
    link: "/rbd/pnpm-volume/32778d15-3c7e-42d2-9eee-e159edf5f511/node_modules/har-validator"
  34 debug pnpm:link: 
    target: "/rbd/pnpm-volume/32778d15-3c7e-42d2-9eee-e159edf5f511/node_modules/.registry.npmjs.org/http-signature/1.2.0/node_modules/http-signature"
    link: "/rbd/pnpm-volume/32778d15-3c7e-42d2-9eee-e159edf5f511/node_modules/http-signature"
  35 debug pnpm:link: 
    target: "/rbd/pnpm-volume/32778d15-3c7e-42d2-9eee-e159edf5f511/node_modules/.registry.npmjs.org/is-typedarray/1.0.0/node_modules/is-typedarray"
    link: "/rbd/pnpm-volume/32778d15-3c7e-42d2-9eee-e159edf5f511/node_modules/is-typedarray"
  36 debug pnpm:link: 
    target: "/rbd/pnpm-volume/32778d15-3c7e-42d2-9eee-e159edf5f511/node_modules/.registry.npmjs.org/isstream/0.1.2/node_modules/isstream"
    link: "/rbd/pnpm-volume/32778d15-3c7e-42d2-9eee-e159edf5f511/node_modules/isstream"
  37 debug pnpm:link: 
    target: "/rbd/pnpm-volume/32778d15-3c7e-42d2-9eee-e159edf5f511/node_modules/.registry.npmjs.org/json-stringify-safe/5.0.1/node_modules/json-stringify-safe"
    link: "/rbd/pnpm-volume/32778d15-3c7e-42d2-9eee-e159edf5f511/node_modules/json-stringify-safe"
  38 debug pnpm:link: 
    target: "/rbd/pnpm-volume/32778d15-3c7e-42d2-9eee-e159edf5f511/node_modules/.registry.npmjs.org/lodash/4.17.20/node_modules/lodash"
    link: "/rbd/pnpm-volume/32778d15-3c7e-42d2-9eee-e159edf5f511/node_modules/lodash"
  39 debug pnpm:link: 
    target: "/rbd/pnpm-volume/32778d15-3c7e-42d2-9eee-e159edf5f511/node_modules/.registry.npmjs.org/merge-descriptors/1.0.1/node_modules/merge-descriptors"
    link: "/rbd/pnpm-volume/32778d15-3c7e-42d2-9eee-e159edf5f511/node_modules/merge-descriptors"
  40 debug pnpm:link: 
    target: "/rbd/pnpm-volume/32778d15-3c7e-42d2-9eee-e159edf5f511/node_modules/.registry.npmjs.org/methods/1.1.2/node_modules/methods"
    link: "/rbd/pnpm-volume/32778d15-3c7e-42d2-9eee-e159edf5f511/node_modules/methods"
  41 debug pnpm:link: 
    target: "/rbd/pnpm-volume/32778d15-3c7e-42d2-9eee-e159edf5f511/node_modules/.registry.npmjs.org/mime-types/2.1.27/node_modules/mime-types"
    link: "/rbd/pnpm-volume/32778d15-3c7e-42d2-9eee-e159edf5f511/node_modules/mime-types"
  42 debug pnpm:link: 
    target: "/rbd/pnpm-volume/32778d15-3c7e-42d2-9eee-e159edf5f511/node_modules/.registry.npmjs.org/node-fetch/2.6.0/node_modules/node-fetch"
    link: "/rbd/pnpm-volume/32778d15-3c7e-42d2-9eee-e159edf5f511/node_modules/node-fetch"
  43 debug pnpm:link: 
    target: "/rbd/pnpm-volume/32778d15-3c7e-42d2-9eee-e159edf5f511/node_modules/.registry.npmjs.org/oauth-sign/0.9.0/node_modules/oauth-sign"
    link: "/rbd/pnpm-volume/32778d15-3c7e-42d2-9eee-e159edf5f511/node_modules/oauth-sign"
  44 debug pnpm:link: 
    target: "/rbd/pnpm-volume/32778d15-3c7e-42d2-9eee-e159edf5f511/node_modules/.registry.npmjs.org/on-finished/2.3.0/node_modules/on-finished"
    link: "/rbd/pnpm-volume/32778d15-3c7e-42d2-9eee-e159edf5f511/node_modules/on-finished"
  45 debug pnpm:link: 
    target: "/rbd/pnpm-volume/32778d15-3c7e-42d2-9eee-e159edf5f511/node_modules/.registry.npmjs.org/parseurl/1.3.3/node_modules/parseurl"
    link: "/rbd/pnpm-volume/32778d15-3c7e-42d2-9eee-e159edf5f511/node_modules/parseurl"
  46 debug pnpm:link: 
    target: "/rbd/pnpm-volume/32778d15-3c7e-42d2-9eee-e159edf5f511/node_modules/.registry.npmjs.org/path-to-regexp/0.1.7/node_modules/path-to-regexp"
    link: "/rbd/pnpm-volume/32778d15-3c7e-42d2-9eee-e159edf5f511/node_modules/path-to-regexp"
  47 debug pnpm:link: 
    target: "/rbd/pnpm-volume/32778d15-3c7e-42d2-9eee-e159edf5f511/node_modules/.registry.npmjs.org/performance-now/2.1.0/node_modules/performance-now"
    link: "/rbd/pnpm-volume/32778d15-3c7e-42d2-9eee-e159edf5f511/node_modules/performance-now"
  48 debug pnpm:link: 
    target: "/rbd/pnpm-volume/32778d15-3c7e-42d2-9eee-e159edf5f511/node_modules/.registry.npmjs.org/prism-media/1.2.2/node_modules/prism-media"
    link: "/rbd/pnpm-volume/32778d15-3c7e-42d2-9eee-e159edf5f511/node_modules/prism-media"
  49 debug pnpm:link: 
    target: "/rbd/pnpm-volume/32778d15-3c7e-42d2-9eee-e159edf5f511/node_modules/.registry.npmjs.org/proxy-addr/2.0.5/node_modules/proxy-addr"
    link: "/rbd/pnpm-volume/32778d15-3c7e-42d2-9eee-e159edf5f511/node_modules/proxy-addr"
  50 debug pnpm:link: 
    target: "/rbd/pnpm-volume/32778d15-3c7e-42d2-9eee-e159edf5f511/node_modules/.registry.npmjs.org/qs/6.7.0/node_modules/qs"
    link: "/rbd/pnpm-volume/32778d15-3c7e-42d2-9eee-e159edf5f511/node_modules/qs"
  51 debug pnpm:link: 
    target: "/rbd/pnpm-volume/32778d15-3c7e-42d2-9eee-e159edf5f511/node_modules/.registry.npmjs.org/range-parser/1.2.1/node_modules/range-parser"
    link: "/rbd/pnpm-volume/32778d15-3c7e-42d2-9eee-e159edf5f511/node_modules/range-parser"
  52 debug pnpm:link: 
    target: "/rbd/pnpm-volume/32778d15-3c7e-42d2-9eee-e159edf5f511/node_modules/.registry.npmjs.org/safe-buffer/5.1.2/node_modules/safe-buffer"
    link: "/rbd/pnpm-volume/32778d15-3c7e-42d2-9eee-e159edf5f511/node_modules/safe-buffer"
  53 debug pnpm:link: 
    target: "/rbd/pnpm-volume/32778d15-3c7e-42d2-9eee-e159edf5f511/node_modules/.registry.npmjs.org/send/0.17.1/node_modules/send"
    link: "/rbd/pnpm-volume/32778d15-3c7e-42d2-9eee-e159edf5f511/node_modules/send"
  54 debug pnpm:link: 
    target: "/rbd/pnpm-volume/32778d15-3c7e-42d2-9eee-e159edf5f511/node_modules/.registry.npmjs.org/serve-static/1.14.1/node_modules/serve-static"
    link: "/rbd/pnpm-volume/32778d15-3c7e-42d2-9eee-e159edf5f511/node_modules/serve-static"
  55 debug pnpm:link: 
    target: "/rbd/pnpm-volume/32778d15-3c7e-42d2-9eee-e159edf5f511/node_modules/.registry.npmjs.org/setimmediate/1.0.5/node_modules/setimmediate"
    link: "/rbd/pnpm-volume/32778d15-3c7e-42d2-9eee-e159edf5f511/node_modules/setimmediate"
  56 debug pnpm:link: 
    target: "/rbd/pnpm-volume/32778d15-3c7e-42d2-9eee-e159edf5f511/node_modules/.registry.npmjs.org/setprototypeof/1.1.1/node_modules/setprototypeof"
    link: "/rbd/pnpm-volume/32778d15-3c7e-42d2-9eee-e159edf5f511/node_modules/setprototypeof"
  57 debug pnpm:link: 
    target: "/rbd/pnpm-volume/32778d15-3c7e-42d2-9eee-e159edf5f511/node_modules/.registry.npmjs.org/statuses/1.5.0/node_modules/statuses"
    link: "/rbd/pnpm-volume/32778d15-3c7e-42d2-9eee-e159edf5f511/node_modules/statuses"
  58 debug pnpm:link: 
    target: "/rbd/pnpm-volume/32778d15-3c7e-42d2-9eee-e159edf5f511/node_modules/.registry.npmjs.org/tough-cookie/2.5.0/node_modules/tough-cookie"
    link: "/rbd/pnpm-volume/32778d15-3c7e-42d2-9eee-e159edf5f511/node_modules/tough-cookie"
  59 debug pnpm:link: 
    target: "/rbd/pnpm-volume/32778d15-3c7e-42d2-9eee-e159edf5f511/node_modules/.registry.npmjs.org/tunnel-agent/0.6.0/node_modules/tunnel-agent"
    link: "/rbd/pnpm-volume/32778d15-3c7e-42d2-9eee-e159edf5f511/node_modules/tunnel-agent"
  60 debug pnpm:link: 
    target: "/rbd/pnpm-volume/32778d15-3c7e-42d2-9eee-e159edf5f511/node_modules/.registry.npmjs.org/tweetnacl/1.0.3/node_modules/tweetnacl"
    link: "/rbd/pnpm-volume/32778d15-3c7e-42d2-9eee-e159edf5f511/node_modules/tweetnacl"
  61 debug pnpm:link: 
    target: "/rbd/pnpm-volume/32778d15-3c7e-42d2-9eee-e159edf5f511/node_modules/.registry.npmjs.org/type-is/1.6.18/node_modules/type-is"
    link: "/rbd/pnpm-volume/32778d15-3c7e-42d2-9eee-e159edf5f511/node_modules/type-is"
  62 debug pnpm:link: 
    target: "/rbd/pnpm-volume/32778d15-3c7e-42d2-9eee-e159edf5f511/node_modules/.registry.npmjs.org/utils-merge/1.0.1/node_modules/utils-merge"
    link: "/rbd/pnpm-volume/32778d15-3c7e-42d2-9eee-e159edf5f511/node_modules/utils-merge"
  63 debug pnpm:link: 
    target: "/rbd/pnpm-volume/32778d15-3c7e-42d2-9eee-e159edf5f511/node_modules/.registry.npmjs.org/uuid/3.4.0/node_modules/uuid"
    link: "/rbd/pnpm-volume/32778d15-3c7e-42d2-9eee-e159edf5f511/node_modules/uuid"
  64 debug pnpm:link: 
    target: "/rbd/pnpm-volume/32778d15-3c7e-42d2-9eee-e159edf5f511/node_modules/.registry.npmjs.org/vary/1.1.2/node_modules/vary"
    link: "/rbd/pnpm-volume/32778d15-3c7e-42d2-9eee-e159edf5f511/node_modules/vary"
  65 debug pnpm:link: 
    target: "/rbd/pnpm-volume/32778d15-3c7e-42d2-9eee-e159edf5f511/node_modules/.registry.npmjs.org/ws/7.3.0/node_modules/ws"
    link: "/rbd/pnpm-volume/32778d15-3c7e-42d2-9eee-e159edf5f511/node_modules/ws"
  66 debug pnpm:link: 
    target: "/rbd/pnpm-volume/32778d15-3c7e-42d2-9eee-e159edf5f511/node_modules/.registry.npmjs.org/ajv/6.12.3/node_modules/ajv"
    link: "/rbd/pnpm-volume/32778d15-3c7e-42d2-9eee-e159edf5f511/node_modules/ajv"
  67 debug pnpm:link: 
    target: "/rbd/pnpm-volume/32778d15-3c7e-42d2-9eee-e159edf5f511/node_modules/.registry.npmjs.org/assert-plus/1.0.0/node_modules/assert-plus"
    link: "/rbd/pnpm-volume/32778d15-3c7e-42d2-9eee-e159edf5f511/node_modules/assert-plus"
  68 debug pnpm:link: 
    target: "/rbd/pnpm-volume/32778d15-3c7e-42d2-9eee-e159edf5f511/node_modules/.registry.npmjs.org/asynckit/0.4.0/node_modules/asynckit"
    link: "/rbd/pnpm-volume/32778d15-3c7e-42d2-9eee-e159edf5f511/node_modules/asynckit"
  69 debug pnpm:link: 
    target: "/rbd/pnpm-volume/32778d15-3c7e-42d2-9eee-e159edf5f511/node_modules/.registry.npmjs.org/bindings/1.5.0/node_modules/bindings"
    link: "/rbd/pnpm-volume/32778d15-3c7e-42d2-9eee-e159edf5f511/node_modules/bindings"
  70 debug pnpm:link: 
    target: "/rbd/pnpm-volume/32778d15-3c7e-42d2-9eee-e159edf5f511/node_modules/.registry.npmjs.org/bytes/3.1.0/node_modules/bytes"
    link: "/rbd/pnpm-volume/32778d15-3c7e-42d2-9eee-e159edf5f511/node_modules/bytes"
  71 debug pnpm:link: 
    target: "/rbd/pnpm-volume/32778d15-3c7e-42d2-9eee-e159edf5f511/node_modules/.registry.npmjs.org/delayed-stream/1.0.0/node_modules/delayed-stream"
    link: "/rbd/pnpm-volume/32778d15-3c7e-42d2-9eee-e159edf5f511/node_modules/delayed-stream"
  72 debug pnpm:link: 
    target: "/rbd/pnpm-volume/32778d15-3c7e-42d2-9eee-e159edf5f511/node_modules/.registry.npmjs.org/destroy/1.0.4/node_modules/destroy"
    link: "/rbd/pnpm-volume/32778d15-3c7e-42d2-9eee-e159edf5f511/node_modules/destroy"
  73 debug pnpm:link: 
    target: "/rbd/pnpm-volume/32778d15-3c7e-42d2-9eee-e159edf5f511/node_modules/.registry.npmjs.org/ee-first/1.1.1/node_modules/ee-first"
    link: "/rbd/pnpm-volume/32778d15-3c7e-42d2-9eee-e159edf5f511/node_modules/ee-first"
  74 debug pnpm:link: 
    target: "/rbd/pnpm-volume/32778d15-3c7e-42d2-9eee-e159edf5f511/node_modules/.registry.npmjs.org/event-target-shim/5.0.1/node_modules/event-target-shim"
    link: "/rbd/pnpm-volume/32778d15-3c7e-42d2-9eee-e159edf5f511/node_modules/event-target-shim"
  75 debug pnpm:link: 
    target: "/rbd/pnpm-volume/32778d15-3c7e-42d2-9eee-e159edf5f511/node_modules/.registry.npmjs.org/forwarded/0.1.2/node_modules/forwarded"
    link: "/rbd/pnpm-volume/32778d15-3c7e-42d2-9eee-e159edf5f511/node_modules/forwarded"
  76 debug pnpm:link: 
    target: "/rbd/pnpm-volume/32778d15-3c7e-42d2-9eee-e159edf5f511/node_modules/.registry.npmjs.org/har-schema/2.0.0/node_modules/har-schema"
    link: "/rbd/pnpm-volume/32778d15-3c7e-42d2-9eee-e159edf5f511/node_modules/har-schema"
  77 debug pnpm:link: 
    target: "/rbd/pnpm-volume/32778d15-3c7e-42d2-9eee-e159edf5f511/node_modules/.registry.npmjs.org/http-errors/1.7.2/node_modules/http-errors"
    link: "/rbd/pnpm-volume/32778d15-3c7e-42d2-9eee-e159edf5f511/node_modules/http-errors"
  78 debug pnpm:link: 
    target: "/rbd/pnpm-volume/32778d15-3c7e-42d2-9eee-e159edf5f511/node_modules/.registry.npmjs.org/iconv-lite/0.4.24/node_modules/iconv-lite"
    link: "/rbd/pnpm-volume/32778d15-3c7e-42d2-9eee-e159edf5f511/node_modules/iconv-lite"
  79 debug pnpm:link: 
    target: "/rbd/pnpm-volume/32778d15-3c7e-42d2-9eee-e159edf5f511/node_modules/.registry.npmjs.org/ipaddr.js/1.9.0/node_modules/ipaddr.js"
    link: "/rbd/pnpm-volume/32778d15-3c7e-42d2-9eee-e159edf5f511/node_modules/ipaddr.js"
  80 debug pnpm:link: 
    target: "/rbd/pnpm-volume/32778d15-3c7e-42d2-9eee-e159edf5f511/node_modules/.registry.npmjs.org/jsprim/1.4.1/node_modules/jsprim"
    link: "/rbd/pnpm-volume/32778d15-3c7e-42d2-9eee-e159edf5f511/node_modules/jsprim"
  81 debug pnpm:link: 
    target: "/rbd/pnpm-volume/32778d15-3c7e-42d2-9eee-e159edf5f511/node_modules/.registry.npmjs.org/media-typer/0.3.0/node_modules/media-typer"
    link: "/rbd/pnpm-volume/32778d15-3c7e-42d2-9eee-e159edf5f511/node_modules/media-typer"
  82 debug pnpm:link: 
    target: "/rbd/pnpm-volume/32778d15-3c7e-42d2-9eee-e159edf5f511/node_modules/.registry.npmjs.org/mime/1.6.0/node_modules/mime"
    link: "/rbd/pnpm-volume/32778d15-3c7e-42d2-9eee-e159edf5f511/node_modules/mime"
  83 debug pnpm:link: 
    target: "/rbd/pnpm-volume/32778d15-3c7e-42d2-9eee-e159edf5f511/node_modules/.registry.npmjs.org/mime-db/1.44.0/node_modules/mime-db"
    link: "/rbd/pnpm-volume/32778d15-3c7e-42d2-9eee-e159edf5f511/node_modules/mime-db"
  84 debug pnpm:link: 
    target: "/rbd/pnpm-volume/32778d15-3c7e-42d2-9eee-e159edf5f511/node_modules/.registry.npmjs.org/negotiator/0.6.2/node_modules/negotiator"
    link: "/rbd/pnpm-volume/32778d15-3c7e-42d2-9eee-e159edf5f511/node_modules/negotiator"
  85 debug pnpm:link: 
    target: "/rbd/pnpm-volume/32778d15-3c7e-42d2-9eee-e159edf5f511/node_modules/.registry.npmjs.org/prebuild-install/5.3.6/node_modules/prebuild-install"
    link: "/rbd/pnpm-volume/32778d15-3c7e-42d2-9eee-e159edf5f511/node_modules/prebuild-install"
  86 debug pnpm:link: 
    target: "/rbd/pnpm-volume/32778d15-3c7e-42d2-9eee-e159edf5f511/node_modules/.registry.npmjs.org/psl/1.8.0/node_modules/psl"
    link: "/rbd/pnpm-volume/32778d15-3c7e-42d2-9eee-e159edf5f511/node_modules/psl"
  87 debug pnpm:link: 
    target: "/rbd/pnpm-volume/32778d15-3c7e-42d2-9eee-e159edf5f511/node_modules/.registry.npmjs.org/punycode/2.1.1/node_modules/punycode"
    link: "/rbd/pnpm-volume/32778d15-3c7e-42d2-9eee-e159edf5f511/node_modules/punycode"
  88 debug pnpm:link: 
    target: "/rbd/pnpm-volume/32778d15-3c7e-42d2-9eee-e159edf5f511/node_modules/.registry.npmjs.org/raw-body/2.4.0/node_modules/raw-body"
    link: "/rbd/pnpm-volume/32778d15-3c7e-42d2-9eee-e159edf5f511/node_modules/raw-body"
  89 debug pnpm:link: 
    target: "/rbd/pnpm-volume/32778d15-3c7e-42d2-9eee-e159edf5f511/node_modules/.registry.npmjs.org/sshpk/1.16.1/node_modules/sshpk"
    link: "/rbd/pnpm-volume/32778d15-3c7e-42d2-9eee-e159edf5f511/node_modules/sshpk"
  90 debug pnpm:link: 
    target: "/rbd/pnpm-volume/32778d15-3c7e-42d2-9eee-e159edf5f511/node_modules/.registry.npmjs.org/tar/4.4.10/node_modules/tar"
    link: "/rbd/pnpm-volume/32778d15-3c7e-42d2-9eee-e159edf5f511/node_modules/tar"
  91 debug pnpm:link: 
    target: "/rbd/pnpm-volume/32778d15-3c7e-42d2-9eee-e159edf5f511/node_modules/.registry.npmjs.org/unpipe/1.0.0/node_modules/unpipe"
    link: "/rbd/pnpm-volume/32778d15-3c7e-42d2-9eee-e159edf5f511/node_modules/unpipe"
  92 debug pnpm:link: 
    target: "/rbd/pnpm-volume/32778d15-3c7e-42d2-9eee-e159edf5f511/node_modules/.registry.npmjs.org/asn1/0.2.4/node_modules/asn1"
    link: "/rbd/pnpm-volume/32778d15-3c7e-42d2-9eee-e159edf5f511/node_modules/asn1"
  93 debug pnpm:link: 
    target: "/rbd/pnpm-volume/32778d15-3c7e-42d2-9eee-e159edf5f511/node_modules/.registry.npmjs.org/bcrypt-pbkdf/1.0.2/node_modules/bcrypt-pbkdf"
    link: "/rbd/pnpm-volume/32778d15-3c7e-42d2-9eee-e159edf5f511/node_modules/bcrypt-pbkdf"
  94 debug pnpm:link: 
    target: "/rbd/pnpm-volume/32778d15-3c7e-42d2-9eee-e159edf5f511/node_modules/.registry.npmjs.org/chownr/1.1.4/node_modules/chownr"
    link: "/rbd/pnpm-volume/32778d15-3c7e-42d2-9eee-e159edf5f511/node_modules/chownr"
  95 debug pnpm:link: 
    target: "/rbd/pnpm-volume/32778d15-3c7e-42d2-9eee-e159edf5f511/node_modules/.registry.npmjs.org/dashdash/1.14.1/node_modules/dashdash"
    link: "/rbd/pnpm-volume/32778d15-3c7e-42d2-9eee-e159edf5f511/node_modules/dashdash"
  96 debug pnpm:link: 
    target: "/rbd/pnpm-volume/32778d15-3c7e-42d2-9eee-e159edf5f511/node_modules/.registry.npmjs.org/detect-libc/1.0.3/node_modules/detect-libc"
    link: "/rbd/pnpm-volume/32778d15-3c7e-42d2-9eee-e159edf5f511/node_modules/detect-libc"
  97 debug pnpm:link: 
    target: "/rbd/pnpm-volume/32778d15-3c7e-42d2-9eee-e159edf5f511/node_modules/.registry.npmjs.org/ecc-jsbn/0.1.2/node_modules/ecc-jsbn"
    link: "/rbd/pnpm-volume/32778d15-3c7e-42d2-9eee-e159edf5f511/node_modules/ecc-jsbn"
  98 debug pnpm:link: 
    target: "/rbd/pnpm-volume/32778d15-3c7e-42d2-9eee-e159edf5f511/node_modules/.registry.npmjs.org/expand-template/2.0.3/node_modules/expand-template"
    link: "/rbd/pnpm-volume/32778d15-3c7e-42d2-9eee-e159edf5f511/node_modules/expand-template"
  99 debug pnpm:link: 
    target: "/rbd/pnpm-volume/32778d15-3c7e-42d2-9eee-e159edf5f511/node_modules/.registry.npmjs.org/extsprintf/1.3.0/node_modules/extsprintf"
    link: "/rbd/pnpm-volume/32778d15-3c7e-42d2-9eee-e159edf5f511/node_modules/extsprintf"
  100 debug pnpm:link: 
    target: "/rbd/pnpm-volume/32778d15-3c7e-42d2-9eee-e159edf5f511/node_modules/.registry.npmjs.org/fast-deep-equal/3.1.3/node_modules/fast-deep-equal"
    link: "/rbd/pnpm-volume/32778d15-3c7e-42d2-9eee-e159edf5f511/node_modules/fast-deep-equal"
  101 debug pnpm:link: 
    target: "/rbd/pnpm-volume/32778d15-3c7e-42d2-9eee-e159edf5f511/node_modules/.registry.npmjs.org/fast-json-stable-stringify/2.1.0/node_modules/fast-json-stable-stringify"
    link: "/rbd/pnpm-volume/32778d15-3c7e-42d2-9eee-e159edf5f511/node_modules/fast-json-stable-stringify"
  102 debug pnpm:link: 
    target: "/rbd/pnpm-volume/32778d15-3c7e-42d2-9eee-e159edf5f511/node_modules/.registry.npmjs.org/file-uri-to-path/1.0.0/node_modules/file-uri-to-path"
    link: "/rbd/pnpm-volume/32778d15-3c7e-42d2-9eee-e159edf5f511/node_modules/file-uri-to-path"
  103 debug pnpm:link: 
    target: "/rbd/pnpm-volume/32778d15-3c7e-42d2-9eee-e159edf5f511/node_modules/.registry.npmjs.org/fs-minipass/1.2.7/node_modules/fs-minipass"
    link: "/rbd/pnpm-volume/32778d15-3c7e-42d2-9eee-e159edf5f511/node_modules/fs-minipass"
  104 debug pnpm:link: 
    target: "/rbd/pnpm-volume/32778d15-3c7e-42d2-9eee-e159edf5f511/node_modules/.registry.npmjs.org/getpass/0.1.7/node_modules/getpass"
    link: "/rbd/pnpm-volume/32778d15-3c7e-42d2-9eee-e159edf5f511/node_modules/getpass"
  105 debug pnpm:link: 
    target: "/rbd/pnpm-volume/32778d15-3c7e-42d2-9eee-e159edf5f511/node_modules/.registry.npmjs.org/github-from-package/0.0.0/node_modules/github-from-package"
    link: "/rbd/pnpm-volume/32778d15-3c7e-42d2-9eee-e159edf5f511/node_modules/github-from-package"
  106 debug pnpm:link: 
    target: "/rbd/pnpm-volume/32778d15-3c7e-42d2-9eee-e159edf5f511/node_modules/.registry.npmjs.org/inherits/2.0.3/node_modules/inherits"
    link: "/rbd/pnpm-volume/32778d15-3c7e-42d2-9eee-e159edf5f511/node_modules/inherits"
  107 debug pnpm:link: 
    target: "/rbd/pnpm-volume/32778d15-3c7e-42d2-9eee-e159edf5f511/node_modules/.registry.npmjs.org/jsbn/0.1.1/node_modules/jsbn"
    link: "/rbd/pnpm-volume/32778d15-3c7e-42d2-9eee-e159edf5f511/node_modules/jsbn"
  108 debug pnpm:link: 
    target: "/rbd/pnpm-volume/32778d15-3c7e-42d2-9eee-e159edf5f511/node_modules/.registry.npmjs.org/json-schema/0.2.3/node_modules/json-schema"
    link: "/rbd/pnpm-volume/32778d15-3c7e-42d2-9eee-e159edf5f511/node_modules/json-schema"
  109 debug pnpm:link: 
    target: "/rbd/pnpm-volume/32778d15-3c7e-42d2-9eee-e159edf5f511/node_modules/.registry.npmjs.org/json-schema-traverse/0.4.1/node_modules/json-schema-traverse"
    link: "/rbd/pnpm-volume/32778d15-3c7e-42d2-9eee-e159edf5f511/node_modules/json-schema-traverse"
  110 debug pnpm:link: 
    target: "/rbd/pnpm-volume/32778d15-3c7e-42d2-9eee-e159edf5f511/node_modules/.registry.npmjs.org/minimist/1.2.5/node_modules/minimist"
    link: "/rbd/pnpm-volume/32778d15-3c7e-42d2-9eee-e159edf5f511/node_modules/minimist"
  111 debug pnpm:link: 
    target: "/rbd/pnpm-volume/32778d15-3c7e-42d2-9eee-e159edf5f511/node_modules/.registry.npmjs.org/minipass/2.9.0/node_modules/minipass"
    link: "/rbd/pnpm-volume/32778d15-3c7e-42d2-9eee-e159edf5f511/node_modules/minipass"
  112 debug pnpm:link: 
    target: "/rbd/pnpm-volume/32778d15-3c7e-42d2-9eee-e159edf5f511/node_modules/.registry.npmjs.org/minizlib/1.3.3/node_modules/minizlib"
    link: "/rbd/pnpm-volume/32778d15-3c7e-42d2-9eee-e159edf5f511/node_modules/minizlib"
  113 debug pnpm:link: 
    target: "/rbd/pnpm-volume/32778d15-3c7e-42d2-9eee-e159edf5f511/node_modules/.registry.npmjs.org/mkdirp/0.5.5/node_modules/mkdirp"
    link: "/rbd/pnpm-volume/32778d15-3c7e-42d2-9eee-e159edf5f511/node_modules/mkdirp"
  114 debug pnpm:link: 
    target: "/rbd/pnpm-volume/32778d15-3c7e-42d2-9eee-e159edf5f511/node_modules/.registry.npmjs.org/mkdirp-classic/0.5.3/node_modules/mkdirp-classic"
    link: "/rbd/pnpm-volume/32778d15-3c7e-42d2-9eee-e159edf5f511/node_modules/mkdirp-classic"
  115 debug pnpm:link: 
    target: "/rbd/pnpm-volume/32778d15-3c7e-42d2-9eee-e159edf5f511/node_modules/.registry.npmjs.org/napi-build-utils/1.0.2/node_modules/napi-build-utils"
    link: "/rbd/pnpm-volume/32778d15-3c7e-42d2-9eee-e159edf5f511/node_modules/napi-build-utils"
  116 debug pnpm:link: 
    target: "/rbd/pnpm-volume/32778d15-3c7e-42d2-9eee-e159edf5f511/node_modules/.registry.npmjs.org/node-abi/2.19.1/node_modules/node-abi"
    link: "/rbd/pnpm-volume/32778d15-3c7e-42d2-9eee-e159edf5f511/node_modules/node-abi"
  117 debug pnpm:link: 
    target: "/rbd/pnpm-volume/32778d15-3c7e-42d2-9eee-e159edf5f511/node_modules/.registry.npmjs.org/noop-logger/0.1.1/node_modules/noop-logger"
    link: "/rbd/pnpm-volume/32778d15-3c7e-42d2-9eee-e159edf5f511/node_modules/noop-logger"
  118 debug pnpm:link: 
    target: "/rbd/pnpm-volume/32778d15-3c7e-42d2-9eee-e159edf5f511/node_modules/.registry.npmjs.org/npmlog/4.1.2/node_modules/npmlog"
    link: "/rbd/pnpm-volume/32778d15-3c7e-42d2-9eee-e159edf5f511/node_modules/npmlog"
  119 debug pnpm:link: 
    target: "/rbd/pnpm-volume/32778d15-3c7e-42d2-9eee-e159edf5f511/node_modules/.registry.npmjs.org/pump/3.0.0/node_modules/pump"
    link: "/rbd/pnpm-volume/32778d15-3c7e-42d2-9eee-e159edf5f511/node_modules/pump"
  120 debug pnpm:link: 
    target: "/rbd/pnpm-volume/32778d15-3c7e-42d2-9eee-e159edf5f511/node_modules/.registry.npmjs.org/rc/1.2.8/node_modules/rc"
    link: "/rbd/pnpm-volume/32778d15-3c7e-42d2-9eee-e159edf5f511/node_modules/rc"
  121 debug pnpm:link: 
    target: "/rbd/pnpm-volume/32778d15-3c7e-42d2-9eee-e159edf5f511/node_modules/.registry.npmjs.org/safer-buffer/2.1.2/node_modules/safer-buffer"
    link: "/rbd/pnpm-volume/32778d15-3c7e-42d2-9eee-e159edf5f511/node_modules/safer-buffer"
  122 debug pnpm:link: 
    target: "/rbd/pnpm-volume/32778d15-3c7e-42d2-9eee-e159edf5f511/node_modules/.registry.npmjs.org/simple-get/3.1.0/node_modules/simple-get"
    link: "/rbd/pnpm-volume/32778d15-3c7e-42d2-9eee-e159edf5f511/node_modules/simple-get"
  123 debug pnpm:link: 
    target: "/rbd/pnpm-volume/32778d15-3c7e-42d2-9eee-e159edf5f511/node_modules/.registry.npmjs.org/tar-fs/2.1.0/node_modules/tar-fs"
    link: "/rbd/pnpm-volume/32778d15-3c7e-42d2-9eee-e159edf5f511/node_modules/tar-fs"
  124 debug pnpm:link: 
    target: "/rbd/pnpm-volume/32778d15-3c7e-42d2-9eee-e159edf5f511/node_modules/.registry.npmjs.org/toidentifier/1.0.0/node_modules/toidentifier"
    link: "/rbd/pnpm-volume/32778d15-3c7e-42d2-9eee-e159edf5f511/node_modules/toidentifier"
  125 debug pnpm:link: 
    target: "/rbd/pnpm-volume/32778d15-3c7e-42d2-9eee-e159edf5f511/node_modules/.registry.npmjs.org/uri-js/4.2.2/node_modules/uri-js"
    link: "/rbd/pnpm-volume/32778d15-3c7e-42d2-9eee-e159edf5f511/node_modules/uri-js"
  126 debug pnpm:link: 
    target: "/rbd/pnpm-volume/32778d15-3c7e-42d2-9eee-e159edf5f511/node_modules/.registry.npmjs.org/verror/1.10.0/node_modules/verror"
    link: "/rbd/pnpm-volume/32778d15-3c7e-42d2-9eee-e159edf5f511/node_modules/verror"
  127 debug pnpm:link: 
    target: "/rbd/pnpm-volume/32778d15-3c7e-42d2-9eee-e159edf5f511/node_modules/.registry.npmjs.org/which-pm-runs/1.0.0/node_modules/which-pm-runs"
    link: "/rbd/pnpm-volume/32778d15-3c7e-42d2-9eee-e159edf5f511/node_modules/which-pm-runs"
  128 debug pnpm:link: 
    target: "/rbd/pnpm-volume/32778d15-3c7e-42d2-9eee-e159edf5f511/node_modules/.registry.npmjs.org/yallist/3.1.1/node_modules/yallist"
    link: "/rbd/pnpm-volume/32778d15-3c7e-42d2-9eee-e159edf5f511/node_modules/yallist"
  129 debug pnpm:link: 
    target: "/rbd/pnpm-volume/32778d15-3c7e-42d2-9eee-e159edf5f511/node_modules/.registry.npmjs.org/are-we-there-yet/1.1.5/node_modules/are-we-there-yet"
    link: "/rbd/pnpm-volume/32778d15-3c7e-42d2-9eee-e159edf5f511/node_modules/are-we-there-yet"
  130 debug pnpm:link: 
    target: "/rbd/pnpm-volume/32778d15-3c7e-42d2-9eee-e159edf5f511/node_modules/.registry.npmjs.org/console-control-strings/1.1.0/node_modules/console-control-strings"
    link: "/rbd/pnpm-volume/32778d15-3c7e-42d2-9eee-e159edf5f511/node_modules/console-control-strings"
  131 debug pnpm:link: 
    target: "/rbd/pnpm-volume/32778d15-3c7e-42d2-9eee-e159edf5f511/node_modules/.registry.npmjs.org/core-util-is/1.0.2/node_modules/core-util-is"
    link: "/rbd/pnpm-volume/32778d15-3c7e-42d2-9eee-e159edf5f511/node_modules/core-util-is"
  132 debug pnpm:link: 
    target: "/rbd/pnpm-volume/32778d15-3c7e-42d2-9eee-e159edf5f511/node_modules/.registry.npmjs.org/decompress-response/4.2.1/node_modules/decompress-response"
    link: "/rbd/pnpm-volume/32778d15-3c7e-42d2-9eee-e159edf5f511/node_modules/decompress-response"
  133 debug pnpm:link: 
    target: "/rbd/pnpm-volume/32778d15-3c7e-42d2-9eee-e159edf5f511/node_modules/.registry.npmjs.org/deep-extend/0.6.0/node_modules/deep-extend"
    link: "/rbd/pnpm-volume/32778d15-3c7e-42d2-9eee-e159edf5f511/node_modules/deep-extend"
  134 debug pnpm:link: 
    target: "/rbd/pnpm-volume/32778d15-3c7e-42d2-9eee-e159edf5f511/node_modules/.registry.npmjs.org/end-of-stream/1.4.4/node_modules/end-of-stream"
    link: "/rbd/pnpm-volume/32778d15-3c7e-42d2-9eee-e159edf5f511/node_modules/end-of-stream"
  135 debug pnpm:link: 
    target: "/rbd/pnpm-volume/32778d15-3c7e-42d2-9eee-e159edf5f511/node_modules/.registry.npmjs.org/gauge/2.7.4/node_modules/gauge"
    link: "/rbd/pnpm-volume/32778d15-3c7e-42d2-9eee-e159edf5f511/node_modules/gauge"
  136 debug pnpm:link: 
    target: "/rbd/pnpm-volume/32778d15-3c7e-42d2-9eee-e159edf5f511/node_modules/.registry.npmjs.org/ini/1.3.5/node_modules/ini"
    link: "/rbd/pnpm-volume/32778d15-3c7e-42d2-9eee-e159edf5f511/node_modules/ini"
  137 debug pnpm:link: 
    target: "/rbd/pnpm-volume/32778d15-3c7e-42d2-9eee-e159edf5f511/node_modules/.registry.npmjs.org/once/1.4.0/node_modules/once"
    link: "/rbd/pnpm-volume/32778d15-3c7e-42d2-9eee-e159edf5f511/node_modules/once"
  138 debug pnpm:link: 
    target: "/rbd/pnpm-volume/32778d15-3c7e-42d2-9eee-e159edf5f511/node_modules/.registry.npmjs.org/semver/5.7.1/node_modules/semver"
    link: "/rbd/pnpm-volume/32778d15-3c7e-42d2-9eee-e159edf5f511/node_modules/semver"
  139 debug pnpm:link: 
    target: "/rbd/pnpm-volume/32778d15-3c7e-42d2-9eee-e159edf5f511/node_modules/.registry.npmjs.org/set-blocking/2.0.0/node_modules/set-blocking"
    link: "/rbd/pnpm-volume/32778d15-3c7e-42d2-9eee-e159edf5f511/node_modules/set-blocking"
  140 debug pnpm:link: 
    target: "/rbd/pnpm-volume/32778d15-3c7e-42d2-9eee-e159edf5f511/node_modules/.registry.npmjs.org/simple-concat/1.0.1/node_modules/simple-concat"
    link: "/rbd/pnpm-volume/32778d15-3c7e-42d2-9eee-e159edf5f511/node_modules/simple-concat"
  141 debug pnpm:link: 
    target: "/rbd/pnpm-volume/32778d15-3c7e-42d2-9eee-e159edf5f511/node_modules/.registry.npmjs.org/strip-json-comments/2.0.1/node_modules/strip-json-comments"
    link: "/rbd/pnpm-volume/32778d15-3c7e-42d2-9eee-e159edf5f511/node_modules/strip-json-comments"
  142 debug pnpm:link: 
    target: "/rbd/pnpm-volume/32778d15-3c7e-42d2-9eee-e159edf5f511/node_modules/.registry.npmjs.org/tar-stream/2.1.4/node_modules/tar-stream"
    link: "/rbd/pnpm-volume/32778d15-3c7e-42d2-9eee-e159edf5f511/node_modules/tar-stream"
  143 debug pnpm:link: 
    target: "/rbd/pnpm-volume/32778d15-3c7e-42d2-9eee-e159edf5f511/node_modules/.registry.npmjs.org/aproba/1.2.0/node_modules/aproba"
    link: "/rbd/pnpm-volume/32778d15-3c7e-42d2-9eee-e159edf5f511/node_modules/aproba"
  144 debug pnpm:link: 
    target: "/rbd/pnpm-volume/32778d15-3c7e-42d2-9eee-e159edf5f511/node_modules/.registry.npmjs.org/bl/4.0.3/node_modules/bl"
    link: "/rbd/pnpm-volume/32778d15-3c7e-42d2-9eee-e159edf5f511/node_modules/bl"
  145 debug pnpm:link: 
    target: "/rbd/pnpm-volume/32778d15-3c7e-42d2-9eee-e159edf5f511/node_modules/.registry.npmjs.org/delegates/1.0.0/node_modules/delegates"
    link: "/rbd/pnpm-volume/32778d15-3c7e-42d2-9eee-e159edf5f511/node_modules/delegates"
  146 debug pnpm:link: 
    target: "/rbd/pnpm-volume/32778d15-3c7e-42d2-9eee-e159edf5f511/node_modules/.registry.npmjs.org/fs-constants/1.0.0/node_modules/fs-constants"
    link: "/rbd/pnpm-volume/32778d15-3c7e-42d2-9eee-e159edf5f511/node_modules/fs-constants"
  147 debug pnpm:link: 
    target: "/rbd/pnpm-volume/32778d15-3c7e-42d2-9eee-e159edf5f511/node_modules/.registry.npmjs.org/has-unicode/2.0.1/node_modules/has-unicode"
    link: "/rbd/pnpm-volume/32778d15-3c7e-42d2-9eee-e159edf5f511/node_modules/has-unicode"
  148 debug pnpm:link: 
    target: "/rbd/pnpm-volume/32778d15-3c7e-42d2-9eee-e159edf5f511/node_modules/.registry.npmjs.org/mimic-response/2.1.0/node_modules/mimic-response"
    link: "/rbd/pnpm-volume/32778d15-3c7e-42d2-9eee-e159edf5f511/node_modules/mimic-response"
  149 debug pnpm:link: 
    target: "/rbd/pnpm-volume/32778d15-3c7e-42d2-9eee-e159edf5f511/node_modules/.registry.npmjs.org/object-assign/4.1.1/node_modules/object-assign"
    link: "/rbd/pnpm-volume/32778d15-3c7e-42d2-9eee-e159edf5f511/node_modules/object-assign"
  150 debug pnpm:link: 
    target: "/rbd/pnpm-volume/32778d15-3c7e-42d2-9eee-e159edf5f511/node_modules/.registry.npmjs.org/readable-stream/2.3.7/node_modules/readable-stream"
    link: "/rbd/pnpm-volume/32778d15-3c7e-42d2-9eee-e159edf5f511/node_modules/readable-stream"
  151 debug pnpm:link: 
    target: "/rbd/pnpm-volume/32778d15-3c7e-42d2-9eee-e159edf5f511/node_modules/.registry.npmjs.org/signal-exit/3.0.3/node_modules/signal-exit"
    link: "/rbd/pnpm-volume/32778d15-3c7e-42d2-9eee-e159edf5f511/node_modules/signal-exit"
  152 debug pnpm:link: 
    target: "/rbd/pnpm-volume/32778d15-3c7e-42d2-9eee-e159edf5f511/node_modules/.registry.npmjs.org/string-width/1.0.2/node_modules/string-width"
    link: "/rbd/pnpm-volume/32778d15-3c7e-42d2-9eee-e159edf5f511/node_modules/string-width"
  153 debug pnpm:link: 
    target: "/rbd/pnpm-volume/32778d15-3c7e-42d2-9eee-e159edf5f511/node_modules/.registry.npmjs.org/strip-ansi/3.0.1/node_modules/strip-ansi"
    link: "/rbd/pnpm-volume/32778d15-3c7e-42d2-9eee-e159edf5f511/node_modules/strip-ansi"
  154 debug pnpm:link: 
    target: "/rbd/pnpm-volume/32778d15-3c7e-42d2-9eee-e159edf5f511/node_modules/.registry.npmjs.org/wide-align/1.1.3/node_modules/wide-align"
    link: "/rbd/pnpm-volume/32778d15-3c7e-42d2-9eee-e159edf5f511/node_modules/wide-align"
  155 debug pnpm:link: 
    target: "/rbd/pnpm-volume/32778d15-3c7e-42d2-9eee-e159edf5f511/node_modules/.registry.npmjs.org/wrappy/1.0.2/node_modules/wrappy"
    link: "/rbd/pnpm-volume/32778d15-3c7e-42d2-9eee-e159edf5f511/node_modules/wrappy"
  156 debug pnpm:link: 
    target: "/rbd/pnpm-volume/32778d15-3c7e-42d2-9eee-e159edf5f511/node_modules/.registry.npmjs.org/ansi-regex/2.1.1/node_modules/ansi-regex"
    link: "/rbd/pnpm-volume/32778d15-3c7e-42d2-9eee-e159edf5f511/node_modules/ansi-regex"
  157 debug pnpm:link: 
    target: "/rbd/pnpm-volume/32778d15-3c7e-42d2-9eee-e159edf5f511/node_modules/.registry.npmjs.org/buffer/5.7.0/node_modules/buffer"
    link: "/rbd/pnpm-volume/32778d15-3c7e-42d2-9eee-e159edf5f511/node_modules/buffer"
  158 debug pnpm:link: 
    target: "/rbd/pnpm-volume/32778d15-3c7e-42d2-9eee-e159edf5f511/node_modules/.registry.npmjs.org/code-point-at/1.1.0/node_modules/code-point-at"
    link: "/rbd/pnpm-volume/32778d15-3c7e-42d2-9eee-e159edf5f511/node_modules/code-point-at"
  159 debug pnpm:link: 
    target: "/rbd/pnpm-volume/32778d15-3c7e-42d2-9eee-e159edf5f511/node_modules/.registry.npmjs.org/is-fullwidth-code-point/1.0.0/node_modules/is-fullwidth-code-point"
    link: "/rbd/pnpm-volume/32778d15-3c7e-42d2-9eee-e159edf5f511/node_modules/is-fullwidth-code-point"
  160 debug pnpm:link: 
    target: "/rbd/pnpm-volume/32778d15-3c7e-42d2-9eee-e159edf5f511/node_modules/.registry.npmjs.org/isarray/1.0.0/node_modules/isarray"
    link: "/rbd/pnpm-volume/32778d15-3c7e-42d2-9eee-e159edf5f511/node_modules/isarray"
  161 debug pnpm:link: 
    target: "/rbd/pnpm-volume/32778d15-3c7e-42d2-9eee-e159edf5f511/node_modules/.registry.npmjs.org/process-nextick-args/2.0.1/node_modules/process-nextick-args"
    link: "/rbd/pnpm-volume/32778d15-3c7e-42d2-9eee-e159edf5f511/node_modules/process-nextick-args"
  162 debug pnpm:link: 
    target: "/rbd/pnpm-volume/32778d15-3c7e-42d2-9eee-e159edf5f511/node_modules/.registry.npmjs.org/string_decoder/1.1.1/node_modules/string_decoder"
    link: "/rbd/pnpm-volume/32778d15-3c7e-42d2-9eee-e159edf5f511/node_modules/string_decoder"
  163 debug pnpm:link: 
    target: "/rbd/pnpm-volume/32778d15-3c7e-42d2-9eee-e159edf5f511/node_modules/.registry.npmjs.org/util-deprecate/1.0.2/node_modules/util-deprecate"
    link: "/rbd/pnpm-volume/32778d15-3c7e-42d2-9eee-e159edf5f511/node_modules/util-deprecate"
  164 debug pnpm:link: 
    target: "/rbd/pnpm-volume/32778d15-3c7e-42d2-9eee-e159edf5f511/node_modules/.registry.npmjs.org/base64-js/1.3.1/node_modules/base64-js"
    link: "/rbd/pnpm-volume/32778d15-3c7e-42d2-9eee-e159edf5f511/node_modules/base64-js"
  165 debug pnpm:link: 
    target: "/rbd/pnpm-volume/32778d15-3c7e-42d2-9eee-e159edf5f511/node_modules/.registry.npmjs.org/ieee754/1.2.1/node_modules/ieee754"
    link: "/rbd/pnpm-volume/32778d15-3c7e-42d2-9eee-e159edf5f511/node_modules/ieee754"
  166 debug pnpm:link: 
    target: "/rbd/pnpm-volume/32778d15-3c7e-42d2-9eee-e159edf5f511/node_modules/.registry.npmjs.org/number-is-nan/1.0.1/node_modules/number-is-nan"
    link: "/rbd/pnpm-volume/32778d15-3c7e-42d2-9eee-e159edf5f511/node_modules/number-is-nan"
  167 error pnpm: 
    message: 
      errno: -13
      code: "EACCES"
      syscall: "symlink"
      path: "../.registry.npmjs.org/@discordjs/collection/0.1.5/node_modules/@discordjs/collection"
      dest: "/rbd/pnpm-volume/32778d15-3c7e-42d2-9eee-e159edf5f511/node_modules/@discordjs/collection"
    err: 
      name: "Error"
      message: "EACCES: permission denied, symlink '../.registry.npmjs.org/@discordjs/collection/0.1.5/node_modules/@discordjs/collection' -> '/rbd/pnpm-volume/32778d15-3c7e-42d2-9eee-e159edf5f511/node_modules/@discordjs/collection'"
      code: "EACCES"
      stack: "Error: EACCES: permission denied, symlink '../.registry.npmjs.org/@discordjs/collection/0.1.5/node_modules/@discordjs/collection' -> '/rbd/pnpm-volume/32778d15-3c7e-42d2-9eee-e159edf5f511/node_modules/@discordjs/collection'"
